# JRE version: Java(TM) SE Runtime Environment (7.0_40-b43) (build 1.7.0_40-b43)
# Java VM: Java HotSpot(TM) 64-Bit Server VM (24.0-b56 mixed mode linux-amd64 compressed oops)
Heap
 PSYoungGen      total 34304K, used 11710K [0x00000000eb800000, 0x00000000efb00000, 0x0000000100000000)
  eden space 31744K, 36% used [0x00000000eb800000,0x00000000ec36fbb0,0x00000000ed700000)
  from space 2560K, 0% used [0x00000000ed700000,0x00000000ed700000,0x00000000ed980000)
  to   space 2560K, 0% used [0x00000000ef880000,0x00000000ef880000,0x00000000efb00000)
 ParOldGen       total 98304K, used 38745K [0x00000000c2800000, 0x00000000c8800000, 0x00000000eb800000)
  object space 98304K, 39% used [0x00000000c2800000,0x00000000c4dd6768,0x00000000c8800000)
 PSPermGen       total 34816K, used 18065K [0x00000000bd600000, 0x00000000bf800000, 0x00000000c2800000)
  object space 34816K, 51% used [0x00000000bd600000,0x00000000be7a4658,0x00000000bf800000)
GC Heap History (8 events):
Event: 0,505 GC heap before
{Heap before GC invocations=1 (full 0):
 PSYoungGen      total 18432K, used 15872K [0x00000000eb800000, 0x00000000ecc80000, 0x0000000100000000)
  eden space 15872K, 100% used [0x00000000eb800000,0x00000000ec780000,0x00000000ec780000)
  from space 2560K, 0% used [0x00000000eca00000,0x00000000eca00000,0x00000000ecc80000)
  to   space 2560K, 0% used [0x00000000ec780000,0x00000000ec780000,0x00000000eca00000)
 ParOldGen       total 41984K, used 0K [0x00000000c2800000, 0x00000000c5100000, 0x00000000eb800000)
  object space 41984K, 0% used [0x00000000c2800000,0x00000000c2800000,0x00000000c5100000)
 PSPermGen       total 21504K, used 11645K [0x00000000bd600000, 0x00000000beb00000, 0x00000000c2800000)
  object space 21504K, 54% used [0x00000000bd600000,0x00000000be15f5a0,0x00000000beb00000)
Event: 0,516 GC heap after
Heap after GC invocations=1 (full 0):
 PSYoungGen      total 18432K, used 2534K [0x00000000eb800000, 0x00000000edc00000, 0x0000000100000000)
  eden space 15872K, 0% used [0x00000000eb800000,0x00000000eb800000,0x00000000ec780000)
  from space 2560K, 99% used [0x00000000ec780000,0x00000000ec9f99b8,0x00000000eca00000)
  to   space 2560K, 0% used [0x00000000ed980000,0x00000000ed980000,0x00000000edc00000)
 ParOldGen       total 41984K, used 10074K [0x00000000c2800000, 0x00000000c5100000, 0x00000000eb800000)
  object space 41984K, 23% used [0x00000000c2800000,0x00000000c31d6958,0x00000000c5100000)
 PSPermGen       total 21504K, used 11645K [0x00000000bd600000, 0x00000000beb00000, 0x00000000c2800000)
  object space 21504K, 54% used [0x00000000bd600000,0x00000000be15f5a0,0x00000000beb00000)
}
Event: 1,771 GC heap before
{Heap before GC invocations=2 (full 0):
 PSYoungGen      total 18432K, used 18406K [0x00000000eb800000, 0x00000000edc00000, 0x0000000100000000)
  eden space 15872K, 100% used [0x00000000eb800000,0x00000000ec780000,0x00000000ec780000)
  from space 2560K, 99% used [0x00000000ec780000,0x00000000ec9f99b8,0x00000000eca00000)
  to   space 2560K, 0% used [0x00000000ed980000,0x00000000ed980000,0x00000000edc00000)
 ParOldGen       total 41984K, used 10074K [0x00000000c2800000, 0x00000000c5100000, 0x00000000eb800000)
  object space 41984K, 23% used [0x00000000c2800000,0x00000000c31d6958,0x00000000c5100000)
 PSPermGen       total 21504K, used 17353K [0x00000000bd600000, 0x00000000beb00000, 0x00000000c2800000)
  object space 21504K, 80% used [0x00000000bd600000,0x00000000be6f2610,0x00000000beb00000)
Event: 1,784 GC heap after
Heap after GC invocations=2 (full 0):
 PSYoungGen      total 34304K, used 2546K [0x00000000eb800000, 0x00000000edc00000, 0x0000000100000000)
  eden space 31744K, 0% used [0x00000000eb800000,0x00000000eb800000,0x00000000ed700000)
  from space 2560K, 99% used [0x00000000ed980000,0x00000000edbfc860,0x00000000edc00000)
  to   space 2560K, 0% used [0x00000000ed700000,0x00000000ed700000,0x00000000ed980000)
 ParOldGen       total 41984K, used 13588K [0x00000000c2800000, 0x00000000c5100000, 0x00000000eb800000)
  object space 41984K, 32% used [0x00000000c2800000,0x00000000c35453e8,0x00000000c5100000)
 PSPermGen       total 21504K, used 17353K [0x00000000bd600000, 0x00000000beb00000, 0x00000000c2800000)
  object space 21504K, 80% used [0x00000000bd600000,0x00000000be6f2610,0x00000000beb00000)
}
Event: 1,987 GC heap before
{Heap before GC invocations=3 (full 0):
 PSYoungGen      total 34304K, used 34290K [0x00000000eb800000, 0x00000000edc00000, 0x0000000100000000)
  eden space 31744K, 100% used [0x00000000eb800000,0x00000000ed700000,0x00000000ed700000)
  from space 2560K, 99% used [0x00000000ed980000,0x00000000edbfc860,0x00000000edc00000)
  to   space 2560K, 0% used [0x00000000ed700000,0x00000000ed700000,0x00000000ed980000)
 ParOldGen       total 41984K, used 13588K [0x00000000c2800000, 0x00000000c5100000, 0x00000000eb800000)
  object space 41984K, 32% used [0x00000000c2800000,0x00000000c35453e8,0x00000000c5100000)
 PSPermGen       total 21504K, used 17363K [0x00000000bd600000, 0x00000000beb00000, 0x00000000c2800000)
  object space 21504K, 80% used [0x00000000bd600000,0x00000000be6f4ce8,0x00000000beb00000)
Event: 2,074 GC heap after
Heap after GC invocations=3 (full 0):
 PSYoungGen      total 34304K, used 2530K [0x00000000eb800000, 0x00000000efb00000, 0x0000000100000000)
  eden space 31744K, 0% used [0x00000000eb800000,0x00000000eb800000,0x00000000ed700000)
  from space 2560K, 98% used [0x00000000ed700000,0x00000000ed978850,0x00000000ed980000)
  to   space 2560K, 0% used [0x00000000ef880000,0x00000000ef880000,0x00000000efb00000)
 ParOldGen       total 45568K, used 45437K [0x00000000c2800000, 0x00000000c5480000, 0x00000000eb800000)
  object space 45568K, 99% used [0x00000000c2800000,0x00000000c545f428,0x00000000c5480000)
 PSPermGen       total 21504K, used 17363K [0x00000000bd600000, 0x00000000beb00000, 0x00000000c2800000)
  object space 21504K, 80% used [0x00000000bd600000,0x00000000be6f4ce8,0x00000000beb00000)
}
Event: 2,074 GC heap before
{Heap before GC invocations=4 (full 1):
 PSYoungGen      total 34304K, used 2530K [0x00000000eb800000, 0x00000000efb00000, 0x0000000100000000)
  eden space 31744K, 0% used [0x00000000eb800000,0x00000000eb800000,0x00000000ed700000)
  from space 2560K, 98% used [0x00000000ed700000,0x00000000ed978850,0x00000000ed980000)
  to   space 2560K, 0% used [0x00000000ef880000,0x00000000ef880000,0x00000000efb00000)
 ParOldGen       total 45568K, used 45437K [0x00000000c2800000, 0x00000000c5480000, 0x00000000eb800000)
  object space 45568K, 99% used [0x00000000c2800000,0x00000000c545f428,0x00000000c5480000)
 PSPermGen       total 21504K, used 17363K [0x00000000bd600000, 0x00000000beb00000, 0x00000000c2800000)
  object space 21504K, 80% used [0x00000000bd600000,0x00000000be6f4ce8,0x00000000beb00000)
Event: 2,384 GC heap after
Heap after GC invocations=4 (full 1):
 PSYoungGen      total 34304K, used 0K [0x00000000eb800000, 0x00000000efb00000, 0x0000000100000000)
  eden space 31744K, 0% used [0x00000000eb800000,0x00000000eb800000,0x00000000ed700000)
  from space 2560K, 0% used [0x00000000ed700000,0x00000000ed700000,0x00000000ed980000)
  to   space 2560K, 0% used [0x00000000ef880000,0x00000000ef880000,0x00000000efb00000)
 ParOldGen       total 98304K, used 38745K [0x00000000c2800000, 0x00000000c8800000, 0x00000000eb800000)
  object space 98304K, 39% used [0x00000000c2800000,0x00000000c4dd6768,0x00000000c8800000)
 PSPermGen       total 34816K, used 17358K [0x00000000bd600000, 0x00000000bf800000, 0x00000000c2800000)
  object space 34816K, 49% used [0x00000000bd600000,0x00000000be6f3be0,0x00000000bf800000)
}

