# JRE version: Java(TM) SE Runtime Environment (7.0_40-b43) (build 1.7.0_40-b43)
# Java VM: Java HotSpot(TM) 64-Bit Server VM (24.0-b56 mixed mode linux-amd64 compressed oops)
Heap
 PSYoungGen      total 110080K, used 104498K [0x00000000eb800000, 0x00000000f3080000, 0x0000000100000000)
  eden space 97792K, 98% used [0x00000000eb800000,0x00000000f1678288,0x00000000f1780000)
  from space 12288K, 63% used [0x00000000f2480000,0x00000000f2c14820,0x00000000f3080000)
  to   space 12800K, 0% used [0x00000000f1780000,0x00000000f1780000,0x00000000f2400000)
 ParOldGen       total 41984K, used 24035K [0x00000000c2800000, 0x00000000c5100000, 0x00000000eb800000)
  object space 41984K, 57% used [0x00000000c2800000,0x00000000c3f78f60,0x00000000c5100000)
 PSPermGen       total 27648K, used 27490K [0x00000000bd600000, 0x00000000bf100000, 0x00000000c2800000)
  object space 27648K, 99% used [0x00000000bd600000,0x00000000bf0d8b98,0x00000000bf100000)
GC Heap History (10 events):
Event: 11,231 GC heap before
{Heap before GC invocations=6 (full 0):
 PSYoungGen      total 18432K, used 18423K [0x00000000eb800000, 0x00000000ee900000, 0x0000000100000000)
  eden space 15872K, 100% used [0x00000000eb800000,0x00000000ec780000,0x00000000ec780000)
  from space 2560K, 99% used [0x00000000ec780000,0x00000000ec9fdc40,0x00000000eca00000)
  to   space 9216K, 0% used [0x00000000ee000000,0x00000000ee000000,0x00000000ee900000)
 ParOldGen       total 41984K, used 14950K [0x00000000c2800000, 0x00000000c5100000, 0x00000000eb800000)
  object space 41984K, 35% used [0x00000000c2800000,0x00000000c36998e8,0x00000000c5100000)
 PSPermGen       total 21504K, used 19555K [0x00000000bd600000, 0x00000000beb00000, 0x00000000c2800000)
  object space 21504K, 90% used [0x00000000bd600000,0x00000000be918f30,0x00000000beb00000)
Event: 11,271 GC heap after
Heap after GC invocations=6 (full 0):
 PSYoungGen      total 39936K, used 8503K [0x00000000eb800000, 0x00000000eeb00000, 0x0000000100000000)
  eden space 30720K, 0% used [0x00000000eb800000,0x00000000eb800000,0x00000000ed600000)
  from space 9216K, 92% used [0x00000000ee000000,0x00000000ee84dd18,0x00000000ee900000)
  to   space 10240K, 0% used [0x00000000ed600000,0x00000000ed600000,0x00000000ee000000)
 ParOldGen       total 41984K, used 14950K [0x00000000c2800000, 0x00000000c5100000, 0x00000000eb800000)
  object space 41984K, 35% used [0x00000000c2800000,0x00000000c36998e8,0x00000000c5100000)
 PSPermGen       total 21504K, used 19555K [0x00000000bd600000, 0x00000000beb00000, 0x00000000c2800000)
  object space 21504K, 90% used [0x00000000bd600000,0x00000000be918f30,0x00000000beb00000)
}
Event: 182,636 GC heap before
{Heap before GC invocations=7 (full 0):
 PSYoungGen      total 39936K, used 39223K [0x00000000eb800000, 0x00000000eeb00000, 0x0000000100000000)
  eden space 30720K, 100% used [0x00000000eb800000,0x00000000ed600000,0x00000000ed600000)
  from space 9216K, 92% used [0x00000000ee000000,0x00000000ee84dd18,0x00000000ee900000)
  to   space 10240K, 0% used [0x00000000ed600000,0x00000000ed600000,0x00000000ee000000)
 ParOldGen       total 41984K, used 14950K [0x00000000c2800000, 0x00000000c5100000, 0x00000000eb800000)
  object space 41984K, 35% used [0x00000000c2800000,0x00000000c36998e8,0x00000000c5100000)
 PSPermGen       total 21504K, used 20426K [0x00000000bd600000, 0x00000000beb00000, 0x00000000c2800000)
  object space 21504K, 94% used [0x00000000bd600000,0x00000000be9f2a58,0x00000000beb00000)
Event: 182,646 GC heap after
Heap after GC invocations=7 (full 0):
 PSYoungGen      total 40960K, used 5851K [0x00000000eb800000, 0x00000000f0700000, 0x0000000100000000)
  eden space 30720K, 0% used [0x00000000eb800000,0x00000000eb800000,0x00000000ed600000)
  from space 10240K, 57% used [0x00000000ed600000,0x00000000edbb6df8,0x00000000ee000000)
  to   space 9728K, 0% used [0x00000000efd80000,0x00000000efd80000,0x00000000f0700000)
 ParOldGen       total 41984K, used 16006K [0x00000000c2800000, 0x00000000c5100000, 0x00000000eb800000)
  object space 41984K, 38% used [0x00000000c2800000,0x00000000c37a1a50,0x00000000c5100000)
 PSPermGen       total 21504K, used 20426K [0x00000000bd600000, 0x00000000beb00000, 0x00000000c2800000)
  object space 21504K, 94% used [0x00000000bd600000,0x00000000be9f2a58,0x00000000beb00000)
}
Event: 268,447 GC heap before
{Heap before GC invocations=8 (full 0):
 PSYoungGen      total 40960K, used 36571K [0x00000000eb800000, 0x00000000f0700000, 0x0000000100000000)
  eden space 30720K, 100% used [0x00000000eb800000,0x00000000ed600000,0x00000000ed600000)
  from space 10240K, 57% used [0x00000000ed600000,0x00000000edbb6df8,0x00000000ee000000)
  to   space 9728K, 0% used [0x00000000efd80000,0x00000000efd80000,0x00000000f0700000)
 ParOldGen       total 41984K, used 16006K [0x00000000c2800000, 0x00000000c5100000, 0x00000000eb800000)
  object space 41984K, 38% used [0x00000000c2800000,0x00000000c37a1a50,0x00000000c5100000)
 PSPermGen       total 23040K, used 22586K [0x00000000bd600000, 0x00000000bec80000, 0x00000000c2800000)
  object space 23040K, 98% used [0x00000000bd600000,0x00000000bec0e8e8,0x00000000bec80000)
Event: 268,462 GC heap after
Heap after GC invocations=8 (full 0):
 PSYoungGen      total 70656K, used 7557K [0x00000000eb800000, 0x00000000f0800000, 0x0000000100000000)
  eden space 60928K, 0% used [0x00000000eb800000,0x00000000eb800000,0x00000000ef380000)
  from space 9728K, 77% used [0x00000000efd80000,0x00000000f04e1670,0x00000000f0700000)
  to   space 10240K, 0% used [0x00000000ef380000,0x00000000ef380000,0x00000000efd80000)
 ParOldGen       total 41984K, used 17441K [0x00000000c2800000, 0x00000000c5100000, 0x00000000eb800000)
  object space 41984K, 41% used [0x00000000c2800000,0x00000000c39084d0,0x00000000c5100000)
 PSPermGen       total 23040K, used 22586K [0x00000000bd600000, 0x00000000bec80000, 0x00000000c2800000)
  object space 23040K, 98% used [0x00000000bd600000,0x00000000bec0e8e8,0x00000000bec80000)
}
Event: 269,665 GC heap before
{Heap before GC invocations=9 (full 0):
 PSYoungGen      total 70656K, used 68485K [0x00000000eb800000, 0x00000000f0800000, 0x0000000100000000)
  eden space 60928K, 100% used [0x00000000eb800000,0x00000000ef380000,0x00000000ef380000)
  from space 9728K, 77% used [0x00000000efd80000,0x00000000f04e1670,0x00000000f0700000)
  to   space 10240K, 0% used [0x00000000ef380000,0x00000000ef380000,0x00000000efd80000)
 ParOldGen       total 41984K, used 17441K [0x00000000c2800000, 0x00000000c5100000, 0x00000000eb800000)
  object space 41984K, 41% used [0x00000000c2800000,0x00000000c39084d0,0x00000000c5100000)
 PSPermGen       total 27136K, used 26935K [0x00000000bd600000, 0x00000000bf080000, 0x00000000c2800000)
  object space 27136K, 99% used [0x00000000bd600000,0x00000000bf04dc20,0x00000000bf080000)
Event: 269,686 GC heap after
Heap after GC invocations=9 (full 0):
 PSYoungGen      total 71168K, used 10232K [0x00000000eb800000, 0x00000000f3180000, 0x0000000100000000)
  eden space 60928K, 0% used [0x00000000eb800000,0x00000000eb800000,0x00000000ef380000)
  from space 10240K, 99% used [0x00000000ef380000,0x00000000efd7e348,0x00000000efd80000)
  to   space 13312K, 0% used [0x00000000f2480000,0x00000000f2480000,0x00000000f3180000)
 ParOldGen       total 41984K, used 22007K [0x00000000c2800000, 0x00000000c5100000, 0x00000000eb800000)
  object space 41984K, 52% used [0x00000000c2800000,0x00000000c3d7dce0,0x00000000c5100000)
 PSPermGen       total 27136K, used 26935K [0x00000000bd600000, 0x00000000bf080000, 0x00000000c2800000)
  object space 27136K, 99% used [0x00000000bd600000,0x00000000bf04dc20,0x00000000bf080000)
}
Event: 325,145 GC heap before
{Heap before GC invocations=10 (full 0):
 PSYoungGen      total 71168K, used 71160K [0x00000000eb800000, 0x00000000f3180000, 0x0000000100000000)
  eden space 60928K, 100% used [0x00000000eb800000,0x00000000ef380000,0x00000000ef380000)
  from space 10240K, 99% used [0x00000000ef380000,0x00000000efd7e348,0x00000000efd80000)
  to   space 13312K, 0% used [0x00000000f2480000,0x00000000f2480000,0x00000000f3180000)
 ParOldGen       total 41984K, used 22007K [0x00000000c2800000, 0x00000000c5100000, 0x00000000eb800000)
  object space 41984K, 52% used [0x00000000c2800000,0x00000000c3d7dce0,0x00000000c5100000)
 PSPermGen       total 27648K, used 27422K [0x00000000bd600000, 0x00000000bf100000, 0x00000000c2800000)
  object space 27648K, 99% used [0x00000000bd600000,0x00000000bf0c78e0,0x00000000bf100000)
Event: 325,160 GC heap after
Heap after GC invocations=10 (full 0):
 PSYoungGen      total 110080K, used 7762K [0x00000000eb800000, 0x00000000f3080000, 0x0000000100000000)
  eden space 97792K, 0% used [0x00000000eb800000,0x00000000eb800000,0x00000000f1780000)
  from space 12288K, 63% used [0x00000000f2480000,0x00000000f2c14820,0x00000000f3080000)
  to   space 12800K, 0% used [0x00000000f1780000,0x00000000f1780000,0x00000000f2400000)
 ParOldGen       total 41984K, used 24035K [0x00000000c2800000, 0x00000000c5100000, 0x00000000eb800000)
  object space 41984K, 57% used [0x00000000c2800000,0x00000000c3f78f60,0x00000000c5100000)
 PSPermGen       total 27648K, used 27422K [0x00000000bd600000, 0x00000000bf100000, 0x00000000c2800000)
  object space 27648K, 99% used [0x00000000bd600000,0x00000000bf0c78e0,0x00000000bf100000)
}

