# JRE version: Java(TM) SE Runtime Environment (7.0_40-b43) (build 1.7.0_40-b43)
# Java VM: Java HotSpot(TM) 64-Bit Server VM (24.0-b56 mixed mode linux-amd64 compressed oops)
Heap
 PSYoungGen      total 34304K, used 8166K [0x00000000eb800000, 0x00000000efb00000, 0x0000000100000000)
  eden space 31744K, 25% used [0x00000000eb800000,0x00000000ebff9a68,0x00000000ed700000)
  from space 2560K, 0% used [0x00000000ed700000,0x00000000ed700000,0x00000000ed980000)
  to   space 2560K, 0% used [0x00000000ef880000,0x00000000ef880000,0x00000000efb00000)
 ParOldGen       total 101888K, used 41952K [0x00000000c2800000, 0x00000000c8b80000, 0x00000000eb800000)
  object space 101888K, 41% used [0x00000000c2800000,0x00000000c50f82c0,0x00000000c8b80000)
 PSPermGen       total 36352K, used 18051K [0x00000000bd600000, 0x00000000bf980000, 0x00000000c2800000)
  object space 36352K, 49% used [0x00000000bd600000,0x00000000be7a0d60,0x00000000bf980000)
GC Heap History (8 events):
Event: 1,060 GC heap before
{Heap before GC invocations=1 (full 0):
 PSYoungGen      total 18432K, used 12961K [0x00000000eb800000, 0x00000000ecc80000, 0x0000000100000000)
  eden space 15872K, 81% used [0x00000000eb800000,0x00000000ec4a8688,0x00000000ec780000)
  from space 2560K, 0% used [0x00000000eca00000,0x00000000eca00000,0x00000000ecc80000)
  to   space 2560K, 0% used [0x00000000ec780000,0x00000000ec780000,0x00000000eca00000)
 ParOldGen       total 41984K, used 3072K [0x00000000c2800000, 0x00000000c5100000, 0x00000000eb800000)
  object space 41984K, 7% used [0x00000000c2800000,0x00000000c2b00010,0x00000000c5100000)
 PSPermGen       total 21504K, used 11645K [0x00000000bd600000, 0x00000000beb00000, 0x00000000c2800000)
  object space 21504K, 54% used [0x00000000bd600000,0x00000000be15f598,0x00000000beb00000)
Event: 1,071 GC heap after
Heap after GC invocations=1 (full 0):
 PSYoungGen      total 18432K, used 2557K [0x00000000eb800000, 0x00000000edc00000, 0x0000000100000000)
  eden space 15872K, 0% used [0x00000000eb800000,0x00000000eb800000,0x00000000ec780000)
  from space 2560K, 99% used [0x00000000ec780000,0x00000000ec9ff4c0,0x00000000eca00000)
  to   space 2560K, 0% used [0x00000000ed980000,0x00000000ed980000,0x00000000edc00000)
 ParOldGen       total 41984K, used 3896K [0x00000000c2800000, 0x00000000c5100000, 0x00000000eb800000)
  object space 41984K, 9% used [0x00000000c2800000,0x00000000c2bce140,0x00000000c5100000)
 PSPermGen       total 21504K, used 11645K [0x00000000bd600000, 0x00000000beb00000, 0x00000000c2800000)
  object space 21504K, 54% used [0x00000000bd600000,0x00000000be15f598,0x00000000beb00000)
}
Event: 2,402 GC heap before
{Heap before GC invocations=2 (full 0):
 PSYoungGen      total 18432K, used 18429K [0x00000000eb800000, 0x00000000edc00000, 0x0000000100000000)
  eden space 15872K, 100% used [0x00000000eb800000,0x00000000ec780000,0x00000000ec780000)
  from space 2560K, 99% used [0x00000000ec780000,0x00000000ec9ff4c0,0x00000000eca00000)
  to   space 2560K, 0% used [0x00000000ed980000,0x00000000ed980000,0x00000000edc00000)
 ParOldGen       total 41984K, used 8698K [0x00000000c2800000, 0x00000000c5100000, 0x00000000eb800000)
  object space 41984K, 20% used [0x00000000c2800000,0x00000000c307e8d8,0x00000000c5100000)
 PSPermGen       total 21504K, used 17343K [0x00000000bd600000, 0x00000000beb00000, 0x00000000c2800000)
  object space 21504K, 80% used [0x00000000bd600000,0x00000000be6efdc8,0x00000000beb00000)
Event: 2,417 GC heap after
Heap after GC invocations=2 (full 0):
 PSYoungGen      total 34304K, used 2546K [0x00000000eb800000, 0x00000000edc00000, 0x0000000100000000)
  eden space 31744K, 0% used [0x00000000eb800000,0x00000000eb800000,0x00000000ed700000)
  from space 2560K, 99% used [0x00000000ed980000,0x00000000edbfc880,0x00000000edc00000)
  to   space 2560K, 0% used [0x00000000ed700000,0x00000000ed700000,0x00000000ed980000)
 ParOldGen       total 41984K, used 12248K [0x00000000c2800000, 0x00000000c5100000, 0x00000000eb800000)
  object space 41984K, 29% used [0x00000000c2800000,0x00000000c33f61a8,0x00000000c5100000)
 PSPermGen       total 21504K, used 17343K [0x00000000bd600000, 0x00000000beb00000, 0x00000000c2800000)
  object space 21504K, 80% used [0x00000000bd600000,0x00000000be6efdc8,0x00000000beb00000)
}
Event: 3,804 GC heap before
{Heap before GC invocations=3 (full 0):
 PSYoungGen      total 34304K, used 33247K [0x00000000eb800000, 0x00000000edc00000, 0x0000000100000000)
  eden space 31744K, 96% used [0x00000000eb800000,0x00000000ed5fb3e8,0x00000000ed700000)
  from space 2560K, 99% used [0x00000000ed980000,0x00000000edbfc880,0x00000000edc00000)
  to   space 2560K, 0% used [0x00000000ed700000,0x00000000ed700000,0x00000000ed980000)
 ParOldGen       total 41984K, used 12248K [0x00000000c2800000, 0x00000000c5100000, 0x00000000eb800000)
  object space 41984K, 29% used [0x00000000c2800000,0x00000000c33f61a8,0x00000000c5100000)
 PSPermGen       total 21504K, used 17979K [0x00000000bd600000, 0x00000000beb00000, 0x00000000c2800000)
  object space 21504K, 83% used [0x00000000bd600000,0x00000000be78ecd8,0x00000000beb00000)
Event: 3,881 GC heap after
Heap after GC invocations=3 (full 0):
 PSYoungGen      total 34304K, used 2546K [0x00000000eb800000, 0x00000000efb00000, 0x0000000100000000)
  eden space 31744K, 0% used [0x00000000eb800000,0x00000000eb800000,0x00000000ed700000)
  from space 2560K, 99% used [0x00000000ed700000,0x00000000ed97c8a0,0x00000000ed980000)
  to   space 2560K, 0% used [0x00000000ef880000,0x00000000ef880000,0x00000000efb00000)
 ParOldGen       total 43008K, used 42493K [0x00000000c2800000, 0x00000000c5200000, 0x00000000eb800000)
  object space 43008K, 98% used [0x00000000c2800000,0x00000000c517f4b0,0x00000000c5200000)
 PSPermGen       total 21504K, used 17979K [0x00000000bd600000, 0x00000000beb00000, 0x00000000c2800000)
  object space 21504K, 83% used [0x00000000bd600000,0x00000000be78ecd8,0x00000000beb00000)
}
Event: 3,881 GC heap before
{Heap before GC invocations=4 (full 1):
 PSYoungGen      total 34304K, used 2546K [0x00000000eb800000, 0x00000000efb00000, 0x0000000100000000)
  eden space 31744K, 0% used [0x00000000eb800000,0x00000000eb800000,0x00000000ed700000)
  from space 2560K, 99% used [0x00000000ed700000,0x00000000ed97c8a0,0x00000000ed980000)
  to   space 2560K, 0% used [0x00000000ef880000,0x00000000ef880000,0x00000000efb00000)
 ParOldGen       total 43008K, used 42493K [0x00000000c2800000, 0x00000000c5200000, 0x00000000eb800000)
  object space 43008K, 98% used [0x00000000c2800000,0x00000000c517f4b0,0x00000000c5200000)
 PSPermGen       total 21504K, used 17979K [0x00000000bd600000, 0x00000000beb00000, 0x00000000c2800000)
  object space 21504K, 83% used [0x00000000bd600000,0x00000000be78ecd8,0x00000000beb00000)
Event: 4,261 GC heap after
Heap after GC invocations=4 (full 1):
 PSYoungGen      total 34304K, used 0K [0x00000000eb800000, 0x00000000efb00000, 0x0000000100000000)
  eden space 31744K, 0% used [0x00000000eb800000,0x00000000eb800000,0x00000000ed700000)
  from space 2560K, 0% used [0x00000000ed700000,0x00000000ed700000,0x00000000ed980000)
  to   space 2560K, 0% used [0x00000000ef880000,0x00000000ef880000,0x00000000efb00000)
 ParOldGen       total 101888K, used 41952K [0x00000000c2800000, 0x00000000c8b80000, 0x00000000eb800000)
  object space 101888K, 41% used [0x00000000c2800000,0x00000000c50f82c0,0x00000000c8b80000)
 PSPermGen       total 36352K, used 17974K [0x00000000bd600000, 0x00000000bf980000, 0x00000000c2800000)
  object space 36352K, 49% used [0x00000000bd600000,0x00000000be78dbd0,0x00000000bf980000)
}

