# JRE version: Java(TM) SE Runtime Environment (7.0_40-b43) (build 1.7.0_40-b43)
# Java VM: Java HotSpot(TM) 64-Bit Server VM (24.0-b56 mixed mode linux-amd64 compressed oops)
Heap
 PSYoungGen      total 34304K, used 19476K [0x00000000eb800000, 0x00000000efb00000, 0x0000000100000000)
  eden space 31744K, 61% used [0x00000000eb800000,0x00000000ecb05280,0x00000000ed700000)
  from space 2560K, 0% used [0x00000000ed700000,0x00000000ed700000,0x00000000ed980000)
  to   space 2560K, 0% used [0x00000000ef880000,0x00000000ef880000,0x00000000efb00000)
 ParOldGen       total 98304K, used 38607K [0x00000000c2800000, 0x00000000c8800000, 0x00000000eb800000)
  object space 98304K, 39% used [0x00000000c2800000,0x00000000c4db3f70,0x00000000c8800000)
 PSPermGen       total 34816K, used 18088K [0x00000000bd600000, 0x00000000bf800000, 0x00000000c2800000)
  object space 34816K, 51% used [0x00000000bd600000,0x00000000be7aa330,0x00000000bf800000)
GC Heap History (8 events):
Event: 0,958 GC heap before
{Heap before GC invocations=1 (full 0):
 PSYoungGen      total 18432K, used 15872K [0x00000000eb800000, 0x00000000ecc80000, 0x0000000100000000)
  eden space 15872K, 100% used [0x00000000eb800000,0x00000000ec780000,0x00000000ec780000)
  from space 2560K, 0% used [0x00000000eca00000,0x00000000eca00000,0x00000000ecc80000)
  to   space 2560K, 0% used [0x00000000ec780000,0x00000000ec780000,0x00000000eca00000)
 ParOldGen       total 41984K, used 0K [0x00000000c2800000, 0x00000000c5100000, 0x00000000eb800000)
  object space 41984K, 0% used [0x00000000c2800000,0x00000000c2800000,0x00000000c5100000)
 PSPermGen       total 21504K, used 11604K [0x00000000bd600000, 0x00000000beb00000, 0x00000000c2800000)
  object space 21504K, 53% used [0x00000000bd600000,0x00000000be155250,0x00000000beb00000)
Event: 0,972 GC heap after
Heap after GC invocations=1 (full 0):
 PSYoungGen      total 18432K, used 2546K [0x00000000eb800000, 0x00000000edc00000, 0x0000000100000000)
  eden space 15872K, 0% used [0x00000000eb800000,0x00000000eb800000,0x00000000ec780000)
  from space 2560K, 99% used [0x00000000ec780000,0x00000000ec9fc8b8,0x00000000eca00000)
  to   space 2560K, 0% used [0x00000000ed980000,0x00000000ed980000,0x00000000edc00000)
 ParOldGen       total 41984K, used 3842K [0x00000000c2800000, 0x00000000c5100000, 0x00000000eb800000)
  object space 41984K, 9% used [0x00000000c2800000,0x00000000c2bc0a38,0x00000000c5100000)
 PSPermGen       total 21504K, used 11604K [0x00000000bd600000, 0x00000000beb00000, 0x00000000c2800000)
  object space 21504K, 53% used [0x00000000bd600000,0x00000000be155250,0x00000000beb00000)
}
Event: 1,977 GC heap before
{Heap before GC invocations=2 (full 0):
 PSYoungGen      total 18432K, used 18330K [0x00000000eb800000, 0x00000000edc00000, 0x0000000100000000)
  eden space 15872K, 99% used [0x00000000eb800000,0x00000000ec76a088,0x00000000ec780000)
  from space 2560K, 99% used [0x00000000ec780000,0x00000000ec9fc8b8,0x00000000eca00000)
  to   space 2560K, 0% used [0x00000000ed980000,0x00000000ed980000,0x00000000edc00000)
 ParOldGen       total 41984K, used 3842K [0x00000000c2800000, 0x00000000c5100000, 0x00000000eb800000)
  object space 41984K, 9% used [0x00000000c2800000,0x00000000c2bc0a38,0x00000000c5100000)
 PSPermGen       total 21504K, used 17032K [0x00000000bd600000, 0x00000000beb00000, 0x00000000c2800000)
  object space 21504K, 79% used [0x00000000bd600000,0x00000000be6a21e0,0x00000000beb00000)
Event: 1,990 GC heap after
Heap after GC invocations=2 (full 0):
 PSYoungGen      total 34304K, used 2545K [0x00000000eb800000, 0x00000000edc00000, 0x0000000100000000)
  eden space 31744K, 0% used [0x00000000eb800000,0x00000000eb800000,0x00000000ed700000)
  from space 2560K, 99% used [0x00000000ed980000,0x00000000edbfc470,0x00000000edc00000)
  to   space 2560K, 0% used [0x00000000ed700000,0x00000000ed700000,0x00000000ed980000)
 ParOldGen       total 41984K, used 7424K [0x00000000c2800000, 0x00000000c5100000, 0x00000000eb800000)
  object space 41984K, 17% used [0x00000000c2800000,0x00000000c2f403f8,0x00000000c5100000)
 PSPermGen       total 21504K, used 17032K [0x00000000bd600000, 0x00000000beb00000, 0x00000000c2800000)
  object space 21504K, 79% used [0x00000000bd600000,0x00000000be6a21e0,0x00000000beb00000)
}
Event: 2,513 GC heap before
{Heap before GC invocations=3 (full 0):
 PSYoungGen      total 34304K, used 34289K [0x00000000eb800000, 0x00000000edc00000, 0x0000000100000000)
  eden space 31744K, 100% used [0x00000000eb800000,0x00000000ed700000,0x00000000ed700000)
  from space 2560K, 99% used [0x00000000ed980000,0x00000000edbfc470,0x00000000edc00000)
  to   space 2560K, 0% used [0x00000000ed700000,0x00000000ed700000,0x00000000ed980000)
 ParOldGen       total 41984K, used 7424K [0x00000000c2800000, 0x00000000c5100000, 0x00000000eb800000)
  object space 41984K, 17% used [0x00000000c2800000,0x00000000c2f403f8,0x00000000c5100000)
 PSPermGen       total 21504K, used 17348K [0x00000000bd600000, 0x00000000beb00000, 0x00000000c2800000)
  object space 21504K, 80% used [0x00000000bd600000,0x00000000be6f10d8,0x00000000beb00000)
Event: 2,589 GC heap after
Heap after GC invocations=3 (full 0):
 PSYoungGen      total 34304K, used 2530K [0x00000000eb800000, 0x00000000efb00000, 0x0000000100000000)
  eden space 31744K, 0% used [0x00000000eb800000,0x00000000eb800000,0x00000000ed700000)
  from space 2560K, 98% used [0x00000000ed700000,0x00000000ed978870,0x00000000ed980000)
  to   space 2560K, 0% used [0x00000000ef880000,0x00000000ef880000,0x00000000efb00000)
 ParOldGen       total 41984K, used 40245K [0x00000000c2800000, 0x00000000c5100000, 0x00000000eb800000)
  object space 41984K, 95% used [0x00000000c2800000,0x00000000c4f4d468,0x00000000c5100000)
 PSPermGen       total 21504K, used 17348K [0x00000000bd600000, 0x00000000beb00000, 0x00000000c2800000)
  object space 21504K, 80% used [0x00000000bd600000,0x00000000be6f10d8,0x00000000beb00000)
}
Event: 2,589 GC heap before
{Heap before GC invocations=4 (full 1):
 PSYoungGen      total 34304K, used 2530K [0x00000000eb800000, 0x00000000efb00000, 0x0000000100000000)
  eden space 31744K, 0% used [0x00000000eb800000,0x00000000eb800000,0x00000000ed700000)
  from space 2560K, 98% used [0x00000000ed700000,0x00000000ed978870,0x00000000ed980000)
  to   space 2560K, 0% used [0x00000000ef880000,0x00000000ef880000,0x00000000efb00000)
 ParOldGen       total 41984K, used 40245K [0x00000000c2800000, 0x00000000c5100000, 0x00000000eb800000)
  object space 41984K, 95% used [0x00000000c2800000,0x00000000c4f4d468,0x00000000c5100000)
 PSPermGen       total 21504K, used 17348K [0x00000000bd600000, 0x00000000beb00000, 0x00000000c2800000)
  object space 21504K, 80% used [0x00000000bd600000,0x00000000be6f10d8,0x00000000beb00000)
Event: 2,883 GC heap after
Heap after GC invocations=4 (full 1):
 PSYoungGen      total 34304K, used 0K [0x00000000eb800000, 0x00000000efb00000, 0x0000000100000000)
  eden space 31744K, 0% used [0x00000000eb800000,0x00000000eb800000,0x00000000ed700000)
  from space 2560K, 0% used [0x00000000ed700000,0x00000000ed700000,0x00000000ed980000)
  to   space 2560K, 0% used [0x00000000ef880000,0x00000000ef880000,0x00000000efb00000)
 ParOldGen       total 98304K, used 38607K [0x00000000c2800000, 0x00000000c8800000, 0x00000000eb800000)
  object space 98304K, 39% used [0x00000000c2800000,0x00000000c4db3f70,0x00000000c8800000)
 PSPermGen       total 34816K, used 17343K [0x00000000bd600000, 0x00000000bf800000, 0x00000000c2800000)
  object space 34816K, 49% used [0x00000000bd600000,0x00000000be6effd0,0x00000000bf800000)
}

