# JRE version: Java(TM) SE Runtime Environment (7.0_40-b43) (build 1.7.0_40-b43)
# Java VM: Java HotSpot(TM) 64-Bit Server VM (24.0-b56 mixed mode linux-amd64 compressed oops)
Heap
 PSYoungGen      total 34304K, used 17425K [0x00000000eb800000, 0x00000000edc00000, 0x0000000100000000)
  eden space 31744K, 54% used [0x00000000eb800000,0x00000000ec904588,0x00000000ed700000)
  from space 2560K, 0% used [0x00000000ed980000,0x00000000ed980000,0x00000000edc00000)
  to   space 2560K, 0% used [0x00000000ed700000,0x00000000ed700000,0x00000000ed980000)
 ParOldGen       total 81920K, used 37542K [0x00000000c2800000, 0x00000000c7800000, 0x00000000eb800000)
  object space 81920K, 45% used [0x00000000c2800000,0x00000000c4ca9840,0x00000000c7800000)
 PSPermGen       total 34816K, used 18014K [0x00000000bd600000, 0x00000000bf800000, 0x00000000c2800000)
  object space 34816K, 51% used [0x00000000bd600000,0x00000000be7978e0,0x00000000bf800000)
GC Heap History (10 events):
Event: 0,892 GC heap before
{Heap before GC invocations=1 (full 0):
 PSYoungGen      total 18432K, used 15869K [0x00000000eb800000, 0x00000000ecc80000, 0x0000000100000000)
  eden space 15872K, 99% used [0x00000000eb800000,0x00000000ec77f628,0x00000000ec780000)
  from space 2560K, 0% used [0x00000000eca00000,0x00000000eca00000,0x00000000ecc80000)
  to   space 2560K, 0% used [0x00000000ec780000,0x00000000ec780000,0x00000000eca00000)
 ParOldGen       total 41984K, used 0K [0x00000000c2800000, 0x00000000c5100000, 0x00000000eb800000)
  object space 41984K, 0% used [0x00000000c2800000,0x00000000c2800000,0x00000000c5100000)
 PSPermGen       total 21504K, used 12365K [0x00000000bd600000, 0x00000000beb00000, 0x00000000c2800000)
  object space 21504K, 57% used [0x00000000bd600000,0x00000000be213520,0x00000000beb00000)
Event: 0,899 GC heap after
Heap after GC invocations=1 (full 0):
 PSYoungGen      total 18432K, used 2536K [0x00000000eb800000, 0x00000000ecc80000, 0x0000000100000000)
  eden space 15872K, 0% used [0x00000000eb800000,0x00000000eb800000,0x00000000ec780000)
  from space 2560K, 99% used [0x00000000ec780000,0x00000000ec9fa058,0x00000000eca00000)
  to   space 2560K, 0% used [0x00000000eca00000,0x00000000eca00000,0x00000000ecc80000)
 ParOldGen       total 41984K, used 2046K [0x00000000c2800000, 0x00000000c5100000, 0x00000000eb800000)
  object space 41984K, 4% used [0x00000000c2800000,0x00000000c29ffaf0,0x00000000c5100000)
 PSPermGen       total 21504K, used 12365K [0x00000000bd600000, 0x00000000beb00000, 0x00000000c2800000)
  object space 21504K, 57% used [0x00000000bd600000,0x00000000be213520,0x00000000beb00000)
}
Event: 2,152 GC heap before
{Heap before GC invocations=2 (full 0):
 PSYoungGen      total 18432K, used 17510K [0x00000000eb800000, 0x00000000ecc80000, 0x0000000100000000)
  eden space 15872K, 94% used [0x00000000eb800000,0x00000000ec69f888,0x00000000ec780000)
  from space 2560K, 99% used [0x00000000ec780000,0x00000000ec9fa058,0x00000000eca00000)
  to   space 2560K, 0% used [0x00000000eca00000,0x00000000eca00000,0x00000000ecc80000)
 ParOldGen       total 41984K, used 2046K [0x00000000c2800000, 0x00000000c5100000, 0x00000000eb800000)
  object space 41984K, 4% used [0x00000000c2800000,0x00000000c29ffaf0,0x00000000c5100000)
 PSPermGen       total 21504K, used 17281K [0x00000000bd600000, 0x00000000beb00000, 0x00000000c2800000)
  object space 21504K, 80% used [0x00000000bd600000,0x00000000be6e0550,0x00000000beb00000)
Event: 2,176 GC heap after
Heap after GC invocations=2 (full 0):
 PSYoungGen      total 18432K, used 2546K [0x00000000eb800000, 0x00000000edc00000, 0x0000000100000000)
  eden space 15872K, 0% used [0x00000000eb800000,0x00000000eb800000,0x00000000ec780000)
  from space 2560K, 99% used [0x00000000eca00000,0x00000000ecc7c880,0x00000000ecc80000)
  to   space 2560K, 0% used [0x00000000ec780000,0x00000000ec780000,0x00000000eca00000)
 ParOldGen       total 41984K, used 7605K [0x00000000c2800000, 0x00000000c5100000, 0x00000000eb800000)
  object space 41984K, 18% used [0x00000000c2800000,0x00000000c2f6d690,0x00000000c5100000)
 PSPermGen       total 21504K, used 17281K [0x00000000bd600000, 0x00000000beb00000, 0x00000000c2800000)
  object space 21504K, 80% used [0x00000000bd600000,0x00000000be6e0550,0x00000000beb00000)
}
Event: 2,234 GC heap before
{Heap before GC invocations=3 (full 0):
 PSYoungGen      total 18432K, used 18418K [0x00000000eb800000, 0x00000000edc00000, 0x0000000100000000)
  eden space 15872K, 100% used [0x00000000eb800000,0x00000000ec780000,0x00000000ec780000)
  from space 2560K, 99% used [0x00000000eca00000,0x00000000ecc7c880,0x00000000ecc80000)
  to   space 2560K, 0% used [0x00000000ec780000,0x00000000ec780000,0x00000000eca00000)
 ParOldGen       total 41984K, used 7605K [0x00000000c2800000, 0x00000000c5100000, 0x00000000eb800000)
  object space 41984K, 18% used [0x00000000c2800000,0x00000000c2f6d690,0x00000000c5100000)
 PSPermGen       total 21504K, used 17291K [0x00000000bd600000, 0x00000000beb00000, 0x00000000c2800000)
  object space 21504K, 80% used [0x00000000bd600000,0x00000000be6e2c28,0x00000000beb00000)
Event: 2,285 GC heap after
Heap after GC invocations=3 (full 0):
 PSYoungGen      total 18432K, used 2530K [0x00000000eb800000, 0x00000000edc00000, 0x0000000100000000)
  eden space 15872K, 0% used [0x00000000eb800000,0x00000000eb800000,0x00000000ec780000)
  from space 2560K, 98% used [0x00000000ec780000,0x00000000ec9f8870,0x00000000eca00000)
  to   space 2560K, 0% used [0x00000000ed980000,0x00000000ed980000,0x00000000edc00000)
 ParOldGen       total 41984K, used 23570K [0x00000000c2800000, 0x00000000c5100000, 0x00000000eb800000)
  object space 41984K, 56% used [0x00000000c2800000,0x00000000c3f049c8,0x00000000c5100000)
 PSPermGen       total 21504K, used 17291K [0x00000000bd600000, 0x00000000beb00000, 0x00000000c2800000)
  object space 21504K, 80% used [0x00000000bd600000,0x00000000be6e2c28,0x00000000beb00000)
}
Event: 3,351 GC heap before
{Heap before GC invocations=4 (full 0):
 PSYoungGen      total 18432K, used 17995K [0x00000000eb800000, 0x00000000edc00000, 0x0000000100000000)
  eden space 15872K, 97% used [0x00000000eb800000,0x00000000ec71a428,0x00000000ec780000)
  from space 2560K, 98% used [0x00000000ec780000,0x00000000ec9f8870,0x00000000eca00000)
  to   space 2560K, 0% used [0x00000000ed980000,0x00000000ed980000,0x00000000edc00000)
 ParOldGen       total 41984K, used 23570K [0x00000000c2800000, 0x00000000c5100000, 0x00000000eb800000)
  object space 41984K, 56% used [0x00000000c2800000,0x00000000c3f049c8,0x00000000c5100000)
 PSPermGen       total 21504K, used 17291K [0x00000000bd600000, 0x00000000beb00000, 0x00000000c2800000)
  object space 21504K, 80% used [0x00000000bd600000,0x00000000be6e2c28,0x00000000beb00000)
Event: 3,400 GC heap after
Heap after GC invocations=4 (full 0):
 PSYoungGen      total 34304K, used 2546K [0x00000000eb800000, 0x00000000edc00000, 0x0000000100000000)
  eden space 31744K, 0% used [0x00000000eb800000,0x00000000eb800000,0x00000000ed700000)
  from space 2560K, 99% used [0x00000000ed980000,0x00000000edbfc880,0x00000000edc00000)
  to   space 2560K, 0% used [0x00000000ed700000,0x00000000ed700000,0x00000000ed980000)
 ParOldGen       total 41984K, used 38970K [0x00000000c2800000, 0x00000000c5100000, 0x00000000eb800000)
  object space 41984K, 92% used [0x00000000c2800000,0x00000000c4e0e9e8,0x00000000c5100000)
 PSPermGen       total 21504K, used 17291K [0x00000000bd600000, 0x00000000beb00000, 0x00000000c2800000)
  object space 21504K, 80% used [0x00000000bd600000,0x00000000be6e2c28,0x00000000beb00000)
}
Event: 3,400 GC heap before
{Heap before GC invocations=5 (full 1):
 PSYoungGen      total 34304K, used 2546K [0x00000000eb800000, 0x00000000edc00000, 0x0000000100000000)
  eden space 31744K, 0% used [0x00000000eb800000,0x00000000eb800000,0x00000000ed700000)
  from space 2560K, 99% used [0x00000000ed980000,0x00000000edbfc880,0x00000000edc00000)
  to   space 2560K, 0% used [0x00000000ed700000,0x00000000ed700000,0x00000000ed980000)
 ParOldGen       total 41984K, used 38970K [0x00000000c2800000, 0x00000000c5100000, 0x00000000eb800000)
  object space 41984K, 92% used [0x00000000c2800000,0x00000000c4e0e9e8,0x00000000c5100000)
 PSPermGen       total 21504K, used 17291K [0x00000000bd600000, 0x00000000beb00000, 0x00000000c2800000)
  object space 21504K, 80% used [0x00000000bd600000,0x00000000be6e2c28,0x00000000beb00000)
Event: 3,726 GC heap after
Heap after GC invocations=5 (full 1):
 PSYoungGen      total 34304K, used 0K [0x00000000eb800000, 0x00000000edc00000, 0x0000000100000000)
  eden space 31744K, 0% used [0x00000000eb800000,0x00000000eb800000,0x00000000ed700000)
  from space 2560K, 0% used [0x00000000ed980000,0x00000000ed980000,0x00000000edc00000)
  to   space 2560K, 0% used [0x00000000ed700000,0x00000000ed700000,0x00000000ed980000)
 ParOldGen       total 81920K, used 37542K [0x00000000c2800000, 0x00000000c7800000, 0x00000000eb800000)
  object space 81920K, 45% used [0x00000000c2800000,0x00000000c4ca9840,0x00000000c7800000)
 PSPermGen       total 34816K, used 17286K [0x00000000bd600000, 0x00000000bf800000, 0x00000000c2800000)
  object space 34816K, 49% used [0x00000000bd600000,0x00000000be6e1b80,0x00000000bf800000)
}

